<?xml version="1.0" encoding="UTF-8"?>
<!-- Generated by org.testng.reporters.JUnitXMLReporter -->
<testsuite ignored="2" hostname="COREPG01G1QC" failures="0" tests="6" name="Default test" time="94.691" errors="0" timestamp="2024-04-01T17:31:36 IST">
  <testcase classname="orangehrm.tests.PIM" name="pimAddEmpTest" time="12.079"/>
  <testcase classname="orangehrm.tests.PIM" name="pimAddEmpTest" time="10.141"/>
  <testcase classname="orangehrm.tests.PIM" name="pimAddEmpTest" time="11.324"/>
  <testcase classname="orangehrm.tests.PIM" name="pimAddEmpTest" time="7.625"/>
  <testcase classname="orangehrm.tests.PIM" name="pimAddEmpTest" time="7.568"/>
  <testcase classname="orangehrm.tests.PIM" name="pimAddEmpTest" time="8.0"/>
  <testcase classname="orangehrm.tests.PIM" name="pimDeleteEmpTest" time="0.0">
    <ignored/>
  </testcase> <!-- pimDeleteEmpTest -->
  <testcase classname="orangehrm.tests.PIM" name="pimEditEmpTest" time="0.0">
    <ignored/>
  </testcase> <!-- pimEditEmpTest -->
</testsuite> <!-- Default test -->
