<?xml version="1.0" encoding="UTF-8"?>
<!-- Generated by org.testng.reporters.JUnitXMLReporter -->
<testsuite ignored="0" hostname="COREPG01G1QC" failures="0" tests="4" name="login" time="51.771" errors="0" timestamp="2024-04-03T18:17:38 IST">
  <testcase classname="orangehrm.tests.Login" name="loginTest" time="3.23"/>
  <testcase classname="orangehrm.tests.Login" name="loginTest" time="3.419"/>
  <testcase classname="orangehrm.tests.Login" name="loginTest" time="2.959"/>
  <testcase classname="orangehrm.tests.Login" name="loginTest" time="2.508"/>
</testsuite> <!-- login -->
