<?xml version="1.0" encoding="UTF-8"?>
<!-- Generated by org.testng.reporters.JUnitXMLReporter -->
<testsuite ignored="1" hostname="COREPG01G1QC" failures="0" tests="7" name="PIM" time="162.143" errors="0" timestamp="2024-04-03T18:19:27 IST">
  <testcase classname="orangehrm.tests.PIM" name="pimAddEmpTest" time="13.156"/>
  <testcase classname="orangehrm.tests.PIM" name="pimAddEmpTest" time="14.091"/>
  <testcase classname="orangehrm.tests.PIM" name="pimAddEmpTest" time="14.762"/>
  <testcase classname="orangehrm.tests.PIM" name="pimAddEmpTest" time="8.148"/>
  <testcase classname="orangehrm.tests.PIM" name="pimAddEmpTest" time="9.868"/>
  <testcase classname="orangehrm.tests.PIM" name="pimAddEmpTest" time="9.37"/>
  <testcase classname="orangehrm.tests.PIM" name="pimEditEmpTest" time="38.097"/>
  <testcase classname="orangehrm.tests.PIM" name="pimDeleteEmpTest" time="0.0">
    <ignored/>
  </testcase> <!-- pimDeleteEmpTest -->
</testsuite> <!-- PIM -->
