<?xml version="1.0" encoding="UTF-8"?>
<!-- Generated by org.testng.reporters.JUnitXMLReporter -->
<testsuite ignored="1" hostname="COREPG01G1QC" failures="0" tests="6" name="Test" time="151.94" errors="0" timestamp="2024-04-03T16:16:32 IST">
  <testcase classname="orangehrm.tests.PIM" name="pimAddEmpTest" time="13.257"/>
  <testcase classname="orangehrm.tests.PIM" name="pimAddEmpTest" time="11.024"/>
  <testcase classname="orangehrm.tests.PIM" name="pimAddEmpTest" time="11.902"/>
  <testcase classname="orangehrm.tests.PIM" name="pimAddEmpTest" time="9.516"/>
  <testcase classname="orangehrm.tests.PIM" name="pimAddEmpTest" time="8.717"/>
  <testcase classname="orangehrm.tests.PIM" name="pimAddEmpTest" time="8.082"/>
  <testcase classname="orangehrm.tests.PIM" name="pimDeleteEmpTest" time="0.0">
    <ignored/>
  </testcase> <!-- pimDeleteEmpTest -->
</testsuite> <!-- Test -->
