<?xml version="1.0" encoding="UTF-8"?>
<!-- Generated by org.testng.reporters.JUnitXMLReporter -->
<testsuite ignored="2" hostname="COREPG01G1QC" failures="0" tests="6" name="PIM" time="92.968" errors="0" timestamp="2024-04-01T17:41:29 IST">
  <testcase classname="orangehrm.tests.PIM" name="pimAddEmpTest" time="11.194"/>
  <testcase classname="orangehrm.tests.PIM" name="pimAddEmpTest" time="10.665"/>
  <testcase classname="orangehrm.tests.PIM" name="pimAddEmpTest" time="10.093"/>
  <testcase classname="orangehrm.tests.PIM" name="pimAddEmpTest" time="8.073"/>
  <testcase classname="orangehrm.tests.PIM" name="pimAddEmpTest" time="8.467"/>
  <testcase classname="orangehrm.tests.PIM" name="pimAddEmpTest" time="7.76"/>
  <testcase classname="orangehrm.tests.PIM" name="pimDeleteEmpTest" time="0.0">
    <ignored/>
  </testcase> <!-- pimDeleteEmpTest -->
  <testcase classname="orangehrm.tests.PIM" name="pimEditEmpTest" time="0.0">
    <ignored/>
  </testcase> <!-- pimEditEmpTest -->
</testsuite> <!-- PIM -->
